[debug] [2020-09-12T21:56:26.278Z] ----------------------------------------------------------------------
[debug] [2020-09-12T21:56:26.280Z] Command:       /usr/local/bin/node /usr/local/bin/firebase emulators:start
[debug] [2020-09-12T21:56:26.280Z] CLI Version:   8.10.0
[debug] [2020-09-12T21:56:26.280Z] Platform:      darwin
[debug] [2020-09-12T21:56:26.280Z] Node Version:  v12.18.3
[debug] [2020-09-12T21:56:26.281Z] Time:          Sat Sep 12 2020 14:56:26 GMT-0700 (Pacific Daylight Time)
[debug] [2020-09-12T21:56:26.281Z] ----------------------------------------------------------------------
[debug] [2020-09-12T21:56:26.281Z] 
[debug] [2020-09-12T21:56:26.286Z] > command requires scopes: ["email","openid","https://www.googleapis.com/auth/cloudplatformprojects.readonly","https://www.googleapis.com/auth/firebase","https://www.googleapis.com/auth/cloud-platform"]
[debug] [2020-09-12T21:56:26.287Z] > authorizing via signed-in user
[info] i  emulators: Starting emulators: functions, hosting {"metadata":{"emulator":{"name":"hub"},"message":"Starting emulators: functions, hosting"}}
[debug] [2020-09-12T21:56:26.299Z] [hub] writing locator at /var/folders/n6/pxf5dptx7fqdbfqh42zctds00000gn/T/hub-clone-824ab.json
[warn] ⚠  functions: The following emulators are not running, calls to these services from the Functions emulator will affect production: firestore, database, pubsub {"metadata":{"emulator":{"name":"functions"},"message":"The following emulators are not running, calls to these services from the Functions emulator will affect production: \u001b[1mfirestore, database, pubsub\u001b[22m"}}
[warn] ⚠  Your requested "node" version "10" doesn't match your global version "12" {"metadata":{"emulator":{"name":"functions"},"message":"Your requested \"node\" version \"10\" doesn't match your global version \"12\""}}
[debug] [2020-09-12T21:56:26.311Z] defaultcredentials: writing to file /Users/ryan/.config/firebase/iawal86_gmail_com_application_default_credentials.json
[debug] [2020-09-12T21:56:26.312Z] Setting GAC to /Users/ryan/.config/firebase/iawal86_gmail_com_application_default_credentials.json {"metadata":{"emulator":{"name":"functions"},"message":"Setting GAC to /Users/ryan/.config/firebase/iawal86_gmail_com_application_default_credentials.json"}}
[debug] [2020-09-12T21:56:26.319Z] >>> HTTP REQUEST GET https://firebase.googleapis.com/v1beta1/projects/clone-824ab/webApps/-/config  
 
[debug] [2020-09-12T21:56:27.008Z] <<< HTTP RESPONSE 200 {"content-type":"application/json; charset=UTF-8","vary":"X-Origin, Referer, Origin,Accept-Encoding","date":"Sat, 12 Sep 2020 21:56:26 GMT","server":"ESF","cache-control":"private","x-xss-protection":"0","x-frame-options":"SAMEORIGIN","x-content-type-options":"nosniff","alt-svc":"h3-29=\":443\"; ma=2592000,h3-27=\":443\"; ma=2592000,h3-T051=\":443\"; ma=2592000,h3-T050=\":443\"; ma=2592000,h3-Q050=\":443\"; ma=2592000,h3-Q046=\":443\"; ma=2592000,h3-Q043=\":443\"; ma=2592000,quic=\":443\"; ma=2592000; v=\"46,43\"","accept-ranges":"none","transfer-encoding":"chunked"}
[info] i  hosting: Serving hosting files from: build {"metadata":{"emulator":{"name":"hosting"},"message":"Serving hosting files from: \u001b[1mbuild\u001b[22m"}}
[info] ✔  hosting: Local server: http://localhost:5000 {"metadata":{"emulator":{"name":"hosting"},"message":"Local server: \u001b[4m\u001b[1mhttp://localhost:5000\u001b[22m\u001b[24m"}}
[info] i  ui: downloading ui-v1.1.1.zip... {"metadata":{"emulator":{"name":"ui"},"message":"downloading ui-v1.1.1.zip..."}}
[debug] [2020-09-12T21:56:29.126Z] Ignoring unsupported arg: auto_download {"metadata":{"emulator":{"name":"ui"},"message":"Ignoring unsupported arg: auto_download"}}
[debug] [2020-09-12T21:56:29.126Z] Ignoring unsupported arg: port {"metadata":{"emulator":{"name":"ui"},"message":"Ignoring unsupported arg: port"}}
[debug] [2020-09-12T21:56:29.126Z] Starting Emulator UI with command {"binary":"node","args":["/Users/ryan/.cache/firebase/emulators/ui-v1.1.1/server.bundle.js"],"optionalArgs":[],"joinArgs":false} {"metadata":{"emulator":{"name":"ui"},"message":"Starting Emulator UI with command {\"binary\":\"node\",\"args\":[\"/Users/ryan/.cache/firebase/emulators/ui-v1.1.1/server.bundle.js\"],\"optionalArgs\":[],\"joinArgs\":false}"}}
[info] i  ui: Emulator UI logging to ui-debug.log {"metadata":{"emulator":{"name":"ui"},"message":"Emulator UI logging to \u001b[1mui-debug.log\u001b[22m"}}
[debug] [2020-09-12T21:56:29.290Z] Web / API server started at http://localhost:4000
 {"metadata":{"emulator":{"name":"ui"},"message":"Web / API server started at http://localhost:4000\n"}}
[info] i  functions: Watching "/Users/ryan/Desktop/projects/javascript/clone/react-amazon/client/functions" for Cloud Functions... {"metadata":{"emulator":{"name":"functions"},"message":"Watching \"/Users/ryan/Desktop/projects/javascript/clone/react-amazon/client/functions\" for Cloud Functions..."}}
[debug] [2020-09-12T21:56:29.391Z] [worker-pool] addWorker(~diagnostic~) {"metadata":{"emulator":{"name":"functions"},"message":"[worker-pool] addWorker(~diagnostic~)"}}
[debug] [2020-09-12T21:56:29.391Z] [worker-pool] Adding worker with key ~diagnostic~, total=1 {"metadata":{"emulator":{"name":"functions"},"message":"[worker-pool] Adding worker with key ~diagnostic~, total=1"}}
[debug] [2020-09-12T21:56:29.391Z] [worker-pool] submitWork(triggerId=) {"metadata":{"emulator":{"name":"functions"},"message":"[worker-pool] submitWork(triggerId=)"}}
[debug] [2020-09-12T21:56:29.391Z] [worker-~diagnostic~-bae984e9-292e-45a1-930e-ed5ef85fb901]: Assigning socketPath: /var/folders/n6/pxf5dptx7fqdbfqh42zctds00000gn/T/fire_emu_29114.sock {"metadata":{"emulator":{"name":"functions"},"message":"[worker-~diagnostic~-bae984e9-292e-45a1-930e-ed5ef85fb901]: Assigning socketPath: /var/folders/n6/pxf5dptx7fqdbfqh42zctds00000gn/T/fire_emu_29114.sock"}}
[debug] [2020-09-12T21:56:29.392Z] [worker-~diagnostic~-bae984e9-292e-45a1-930e-ed5ef85fb901]: BUSY {"metadata":{"emulator":{"name":"functions"},"message":"[worker-~diagnostic~-bae984e9-292e-45a1-930e-ed5ef85fb901]: BUSY"}}
[debug] [2020-09-12T21:56:29.630Z] [runtime-status] [29114] Functions runtime initialized. {"cwd":"/Users/ryan/Desktop/projects/javascript/clone/react-amazon/client/functions","node_version":"12.18.3"} {"metadata":{"emulator":{"name":"functions"},"message":"[runtime-status] [29114] Functions runtime initialized. {\"cwd\":\"/Users/ryan/Desktop/projects/javascript/clone/react-amazon/client/functions\",\"node_version\":\"12.18.3\"}"}}
[debug] [2020-09-12T21:56:29.631Z] [runtime-status] [29114] Disabled runtime features: undefined {"metadata":{"emulator":{"name":"functions"},"message":"[runtime-status] [29114] Disabled runtime features: undefined"}}
[debug] [2020-09-12T21:56:29.632Z] [runtime-status] [29114] Resolved module firebase-admin {"declared":true,"installed":true,"version":"8.13.0","resolution":"/Users/ryan/Desktop/projects/javascript/clone/react-amazon/client/functions/node_modules/firebase-admin/lib/index.js"} {"metadata":{"emulator":{"name":"functions"},"message":"[runtime-status] [29114] Resolved module firebase-admin {\"declared\":true,\"installed\":true,\"version\":\"8.13.0\",\"resolution\":\"/Users/ryan/Desktop/projects/javascript/clone/react-amazon/client/functions/node_modules/firebase-admin/lib/index.js\"}"}}
[debug] [2020-09-12T21:56:29.633Z] [runtime-status] [29114] Resolved module firebase-functions {"declared":true,"installed":true,"version":"3.11.0","resolution":"/Users/ryan/Desktop/projects/javascript/clone/react-amazon/client/functions/node_modules/firebase-functions/lib/index.js"} {"metadata":{"emulator":{"name":"functions"},"message":"[runtime-status] [29114] Resolved module firebase-functions {\"declared\":true,\"installed\":true,\"version\":\"3.11.0\",\"resolution\":\"/Users/ryan/Desktop/projects/javascript/clone/react-amazon/client/functions/node_modules/firebase-functions/lib/index.js\"}"}}
[debug] [2020-09-12T21:56:29.634Z] [runtime-status] [29114] Resolved module firebase-functions {"declared":true,"installed":true,"version":"3.11.0","resolution":"/Users/ryan/Desktop/projects/javascript/clone/react-amazon/client/functions/node_modules/firebase-functions/lib/index.js"} {"metadata":{"emulator":{"name":"functions"},"message":"[runtime-status] [29114] Resolved module firebase-functions {\"declared\":true,\"installed\":true,\"version\":\"3.11.0\",\"resolution\":\"/Users/ryan/Desktop/projects/javascript/clone/react-amazon/client/functions/node_modules/firebase-functions/lib/index.js\"}"}}
[debug] [2020-09-12T21:56:29.636Z] [runtime-status] [29114] Outgoing network have been stubbed. [{"name":"http","status":"mocked"},{"name":"http","status":"mocked"},{"name":"https","status":"mocked"},{"name":"https","status":"mocked"},{"name":"net","status":"mocked"}] {"metadata":{"emulator":{"name":"functions"},"message":"[runtime-status] [29114] Outgoing network have been stubbed. [{\"name\":\"http\",\"status\":\"mocked\"},{\"name\":\"http\",\"status\":\"mocked\"},{\"name\":\"https\",\"status\":\"mocked\"},{\"name\":\"https\",\"status\":\"mocked\"},{\"name\":\"net\",\"status\":\"mocked\"}]"}}
[debug] [2020-09-12T21:56:29.636Z] [runtime-status] [29114] Resolved module firebase-functions {"declared":true,"installed":true,"version":"3.11.0","resolution":"/Users/ryan/Desktop/projects/javascript/clone/react-amazon/client/functions/node_modules/firebase-functions/lib/index.js"} {"metadata":{"emulator":{"name":"functions"},"message":"[runtime-status] [29114] Resolved module firebase-functions {\"declared\":true,\"installed\":true,\"version\":\"3.11.0\",\"resolution\":\"/Users/ryan/Desktop/projects/javascript/clone/react-amazon/client/functions/node_modules/firebase-functions/lib/index.js\"}"}}
[debug] [2020-09-12T21:56:29.664Z] [runtime-status] [29114] Checked functions.config() {"config":{}} {"metadata":{"emulator":{"name":"functions"},"message":"[runtime-status] [29114] Checked functions.config() {\"config\":{}}"}}
[debug] [2020-09-12T21:56:29.664Z] [runtime-status] [29114] firebase-functions has been stubbed. {"functionsResolution":{"declared":true,"installed":true,"version":"3.11.0","resolution":"/Users/ryan/Desktop/projects/javascript/clone/react-amazon/client/functions/node_modules/firebase-functions/lib/index.js"}} {"metadata":{"emulator":{"name":"functions"},"message":"[runtime-status] [29114] firebase-functions has been stubbed. {\"functionsResolution\":{\"declared\":true,\"installed\":true,\"version\":\"3.11.0\",\"resolution\":\"/Users/ryan/Desktop/projects/javascript/clone/react-amazon/client/functions/node_modules/firebase-functions/lib/index.js\"}}"}}
[debug] [2020-09-12T21:56:29.665Z] [runtime-status] [29114] Resolved module firebase-functions {"declared":true,"installed":true,"version":"3.11.0","resolution":"/Users/ryan/Desktop/projects/javascript/clone/react-amazon/client/functions/node_modules/firebase-functions/lib/index.js"} {"metadata":{"emulator":{"name":"functions"},"message":"[runtime-status] [29114] Resolved module firebase-functions {\"declared\":true,\"installed\":true,\"version\":\"3.11.0\",\"resolution\":\"/Users/ryan/Desktop/projects/javascript/clone/react-amazon/client/functions/node_modules/firebase-functions/lib/index.js\"}"}}
[debug] [2020-09-12T21:56:29.665Z] [runtime-status] [29114] Resolved module firebase-admin {"declared":true,"installed":true,"version":"8.13.0","resolution":"/Users/ryan/Desktop/projects/javascript/clone/react-amazon/client/functions/node_modules/firebase-admin/lib/index.js"} {"metadata":{"emulator":{"name":"functions"},"message":"[runtime-status] [29114] Resolved module firebase-admin {\"declared\":true,\"installed\":true,\"version\":\"8.13.0\",\"resolution\":\"/Users/ryan/Desktop/projects/javascript/clone/react-amazon/client/functions/node_modules/firebase-admin/lib/index.js\"}"}}
[debug] [2020-09-12T21:56:29.666Z] [runtime-status] [29114] Resolved module firebase-functions {"declared":true,"installed":true,"version":"3.11.0","resolution":"/Users/ryan/Desktop/projects/javascript/clone/react-amazon/client/functions/node_modules/firebase-functions/lib/index.js"} {"metadata":{"emulator":{"name":"functions"},"message":"[runtime-status] [29114] Resolved module firebase-functions {\"declared\":true,\"installed\":true,\"version\":\"3.11.0\",\"resolution\":\"/Users/ryan/Desktop/projects/javascript/clone/react-amazon/client/functions/node_modules/firebase-functions/lib/index.js\"}"}}
[debug] [2020-09-12T21:56:29.666Z] [runtime-status] [29114] firebase-admin has been stubbed. {"adminResolution":{"declared":true,"installed":true,"version":"8.13.0","resolution":"/Users/ryan/Desktop/projects/javascript/clone/react-amazon/client/functions/node_modules/firebase-admin/lib/index.js"}} {"metadata":{"emulator":{"name":"functions"},"message":"[runtime-status] [29114] firebase-admin has been stubbed. {\"adminResolution\":{\"declared\":true,\"installed\":true,\"version\":\"8.13.0\",\"resolution\":\"/Users/ryan/Desktop/projects/javascript/clone/react-amazon/client/functions/node_modules/firebase-admin/lib/index.js\"}}"}}
[info] ✔  functions[api]: http function initialized (http://localhost:5001/clone-824ab/us-central1/api). {"metadata":{"emulator":{"name":"functions"},"message":"\u001b[1mhttp\u001b[22m function initialized (http://localhost:5001/clone-824ab/us-central1/api)."}}
[info] 
┌───────────────────────────────────────────────────────────────────────┐
│ ✔  All emulators ready! View status and logs at http://localhost:4000 │
└───────────────────────────────────────────────────────────────────────┘

┌───────────┬────────────────┬─────────────────────────────────┐
│ Emulator  │ Host:Port      │ View in Emulator UI             │
├───────────┼────────────────┼─────────────────────────────────┤
│ Functions │ localhost:5001 │ http://localhost:4000/functions │
├───────────┼────────────────┼─────────────────────────────────┤
│ Hosting   │ localhost:5000 │ n/a                             │
└───────────┴────────────────┴─────────────────────────────────┘
  Other reserved ports: 4400, 4500

Issues? Report them at https://github.com/firebase/firebase-tools/issues and attach the *-debug.log files.
 
[debug] [2020-09-12T21:56:29.757Z] [worker-~diagnostic~-bae984e9-292e-45a1-930e-ed5ef85fb901]: IDLE {"metadata":{"emulator":{"name":"functions"},"message":"[worker-~diagnostic~-bae984e9-292e-45a1-930e-ed5ef85fb901]: IDLE"}}
